<?xml version="1.0" encoding="UTF-8"?>
<!-- Generated by org.testng.reporters.JUnitReportReporter -->
<testsuite hostname="Sumit" name="airlines.AirlineTest" tests="1" failures="0" timestamp="2 Aug 2023 11:19:03 GMT" time="5.377" errors="0">
  <testcase name="createAirline" time="5.377" classname="airlines.AirlineTest"/>
</testsuite> <!-- airlines.AirlineTest -->
